{"matcherResult":{"actual":false,"expected":true,"name":"toBe","pass":false},"level":"error"}
{"matcherResult":{"actual":false,"expected":true,"name":"toBe","pass":false},"level":"error"}
{"code":"EADDRINUSE","errno":"EADDRINUSE","syscall":"listen","address":"::","port":3000,"level":"error"}
{"code":"EADDRINUSE","errno":"EADDRINUSE","syscall":"listen","address":"::","port":3000,"level":"error"}
{"code":"EADDRINUSE","errno":"EADDRINUSE","syscall":"listen","address":"::","port":3000,"level":"error"}
{"code":"EADDRINUSE","errno":"EADDRINUSE","syscall":"listen","address":"::","port":3000,"level":"error"}
{"code":"EADDRINUSE","errno":"EADDRINUSE","syscall":"listen","address":"::","port":3000,"level":"error"}
{"clientVersion":"2.18.0","level":"error"}
{"clientVersion":"2.18.0","level":"error"}
{"matcherResult":{"expected":false,"name":"toBe","pass":false},"level":"error"}
{"message":"Postgres loading Error","level":"error"}
{"clientVersion":"2.18.0","level":"error"}
{"clientVersion":"2.18.0","level":"error"}
{"matcherResult":{"expected":false,"name":"toBe","pass":false},"level":"error"}
{"clientVersion":"2.18.0","level":"error"}
{"message":"Postgres loading Error","level":"error"}
{"clientVersion":"2.18.0","level":"error"}
{"clientVersion":"2.18.0","level":"error"}
{"matcherResult":{"expected":false,"name":"toBe","pass":false},"level":"error"}
{"clientVersion":"2.18.0","level":"error"}
{"clientVersion":"2.18.0","level":"error"}
{"clientVersion":"2.18.0","level":"error"}
{"matcherResult":{"expected":false,"name":"toBe","pass":false},"level":"error"}
{"clientVersion":"2.18.0","level":"error"}
{"clientVersion":"2.18.0","level":"error"}
{"matcherResult":{"expected":false,"name":"toBe","pass":false},"level":"error"}
{"clientVersion":"2.18.0","level":"error"}
{"clientVersion":"2.18.0","level":"error"}
{"clientVersion":"2.18.0","level":"error"}
{"matcherResult":{"expected":false,"name":"toBe","pass":false},"level":"error"}
{"clientVersion":"2.18.0","level":"error"}
{"message":"Postgres loading Error","level":"error"}
{"clientVersion":"2.18.0","level":"error"}
{"clientVersion":"2.18.0","level":"error"}
{"matcherResult":{"expected":false,"name":"toBe","pass":false},"level":"error"}
{"clientVersion":"2.18.0","level":"error"}
{"clientVersion":"2.18.0","level":"error"}
{"clientVersion":"2.18.0","level":"error"}
{"clientVersion":"2.18.0","level":"error"}
{"clientVersion":"2.18.0","level":"error"}
{"matcherResult":{"expected":false,"name":"toBe","pass":false},"level":"error"}
{"clientVersion":"2.18.0","level":"error"}
{"clientVersion":"2.18.0","level":"error"}
{"clientVersion":"2.18.0","level":"error"}
{"matcherResult":{"expected":false,"name":"toBe","pass":false},"level":"error"}
{"clientVersion":"2.18.0","level":"error"}
{"clientVersion":"2.18.0","level":"error"}
{"clientVersion":"2.18.0","level":"error"}
{"matcherResult":{"expected":false,"name":"toBe","pass":false},"level":"error"}
{"clientVersion":"2.18.0","level":"error"}
{"clientVersion":"2.18.0","level":"error"}
{"clientVersion":"2.18.0","level":"error"}
{"matcherResult":{"expected":false,"name":"toBe","pass":false},"level":"error"}
{"level":"error"}
{"level":"error"}
{"level":"error"}
{"level":"error"}
{"level":"error"}
{"level":"error"}
{"code":"EADDRINUSE","errno":"EADDRINUSE","syscall":"listen","address":"::","port":3000,"level":"error"}
{"level":"error"}
{"level":"error"}
{"code":"EADDRINUSE","errno":"EADDRINUSE","syscall":"listen","address":"::","port":3000,"level":"error"}
{"level":"error"}
{"level":"error"}
{"code":"EADDRINUSE","errno":"EADDRINUSE","syscall":"listen","address":"::","port":3000,"level":"error"}
{"level":"error"}
{"level":"error"}
{"code":"EADDRINUSE","errno":"EADDRINUSE","syscall":"listen","address":"::","port":3000,"level":"error"}
{"code":"EADDRINUSE","errno":"EADDRINUSE","syscall":"listen","address":"::","port":3000,"level":"error"}
{"code":"EADDRINUSE","errno":"EADDRINUSE","syscall":"listen","address":"::","port":3000,"level":"error"}
{"code":"EADDRINUSE","errno":"EADDRINUSE","syscall":"listen","address":"::","port":3000,"level":"error"}
{"code":"EADDRINUSE","errno":"EADDRINUSE","syscall":"listen","address":"::","port":3000,"level":"error"}
{"code":"EADDRINUSE","errno":"EADDRINUSE","syscall":"listen","address":"::","port":3000,"level":"error"}
{"code":"EADDRINUSE","errno":"EADDRINUSE","syscall":"listen","address":"::","port":3000,"level":"error"}
{"code":"EADDRINUSE","errno":"EADDRINUSE","syscall":"listen","address":"::","port":3000,"level":"error"}
{"code":"EADDRINUSE","errno":"EADDRINUSE","syscall":"listen","address":"::","port":3000,"level":"error"}
{"code":"EADDRINUSE","errno":"EADDRINUSE","syscall":"listen","address":"::","port":3000,"level":"error"}
{"code":"EADDRINUSE","errno":"EADDRINUSE","syscall":"listen","address":"::","port":3000,"level":"error"}
{"code":"EADDRINUSE","errno":"EADDRINUSE","syscall":"listen","address":"::","port":3000,"level":"error"}
{"code":"P2011","clientVersion":"2.18.0","meta":{"constraint":["password"]},"level":"error"}
{"code":"EADDRINUSE","errno":"EADDRINUSE","syscall":"listen","address":"::","port":3000,"level":"error"}
{"code":"P2011","clientVersion":"2.18.0","meta":{"constraint":["password"]},"level":"error"}
{"code":"EADDRINUSE","errno":"EADDRINUSE","syscall":"listen","address":"::","port":3000,"level":"error"}
{"code":"P2011","clientVersion":"2.18.0","meta":{"constraint":["password"]},"level":"error"}
{"code":"EADDRINUSE","errno":"EADDRINUSE","syscall":"listen","address":"::","port":3000,"level":"error"}
{"clientVersion":"2.18.0","level":"error"}
{"clientVersion":"2.18.0","level":"error"}
{"clientVersion":"2.18.0","level":"error"}
{"clientVersion":"2.18.0","level":"error"}
{"level":"error"}
{"level":"error"}
{"level":"error"}
{"level":"error"}
{"level":"error"}
{"level":"error"}
{"level":"error"}
{"level":"error"}
{"level":"error"}
{"level":"error"}
{"level":"error"}
{"level":"error"}
{"level":"error"}
{"level":"error"}
{"level":"error"}
{"level":"error"}
{"level":"error"}
{"level":"error"}
{"level":"error"}
{"level":"error"}
{"level":"error"}
{"level":"error"}
{"level":"error"}
{"level":"error"}
{"code":"EAUTH","response":"535-5.7.8 Username and Password not accepted. Learn more at\n535 5.7.8  https://support.google.com/mail/?p=BadCredentials z82sm982509wmg.19 - gsmtp","responseCode":535,"command":"AUTH PLAIN","level":"error"}
{"code":"EAUTH","response":"535-5.7.8 Username and Password not accepted. Learn more at\n535 5.7.8  https://support.google.com/mail/?p=BadCredentials x13sm20585874wrt.75 - gsmtp","responseCode":535,"command":"AUTH PLAIN","level":"error"}
{"code":"EAUTH","response":"535-5.7.8 Username and Password not accepted. Learn more at\n535 5.7.8  https://support.google.com/mail/?p=BadCredentials j13sm5405059wrt.29 - gsmtp","responseCode":535,"command":"AUTH PLAIN","level":"error"}
{"code":"EAUTH","response":"535-5.7.8 Username and Password not accepted. Learn more at\n535 5.7.8  https://support.google.com/mail/?p=BadCredentials n66sm939869wmn.25 - gsmtp","responseCode":535,"command":"AUTH PLAIN","level":"error"}
{"code":"EAUTH","response":"535 5.7.8 Error: authentication failed","responseCode":535,"command":"AUTH PLAIN","level":"error"}
{"code":"EAUTH","response":"534-5.7.14 <https://accounts.google.com/signin/continue?sarp=1&scc=1&plt=AKgnsbu\n534-5.7.14 T2M8tKKbAojHXzByXQ02YiIJGtUuvh0EfBSgbJhaucN1LAD0qcLB6_OqBR0mh5V7qcxG-\n534-5.7.14 lL74DTpQ0ufS1KFaxvy-84u07F3h8lsp-phHPakO8JCey-CicengUMMyoOIi5M7O>\n534-5.7.14 Please log in via your web browser and then try again.\n534-5.7.14  Learn more at\n534 5.7.14  https://support.google.com/mail/answer/78754 p11sm20451220wrs.80 - gsmtp","responseCode":534,"command":"AUTH PLAIN","level":"error"}
{"code":"EAUTH","response":"534-5.7.14 <https://accounts.google.com/signin/continue?sarp=1&scc=1&plt=AKgnsbt\n534-5.7.14 hjYT12i3oTNiFeycqC9nA4GWXomQinrFlsjPXegY53gfNUrqhwhW3P1V_gfxL5MSsQVlw\n534-5.7.14 bh3GmvPPtE-EnsK5G1dQN4Itt6HCq0vlxyFMWJSHdLoDr7nUv3XdI6o1oAQD1cla>\n534-5.7.14 Please log in via your web browser and then try again.\n534-5.7.14  Learn more at\n534 5.7.14  https://support.google.com/mail/answer/78754 m14sm1087842wmi.27 - gsmtp","responseCode":534,"command":"AUTH PLAIN","level":"error"}
{"clientVersion":"2.18.0","level":"error"}
{"clientVersion":"2.18.0","level":"error"}
{"clientVersion":"2.18.0","level":"error"}
{"clientVersion":"2.18.0","level":"error"}
{"clientVersion":"2.18.0","level":"error"}
{"clientVersion":"2.18.0","level":"error"}
{"clientVersion":"2.18.0","level":"error"}
{"clientVersion":"2.18.0","level":"error"}
{"clientVersion":"2.18.0","level":"error"}
{"clientVersion":"2.18.0","level":"error"}
{"clientVersion":"2.18.0","level":"error"}
{"message":"Postgres loading Error","level":"error"}
{"message":"Postgres loading Error","level":"error"}
{"message":"Postgres loading Error","level":"error"}
{"clientVersion":"2.18.0","level":"error"}
{"clientVersion":"2.18.0","level":"error"}
{"clientVersion":"2.18.0","level":"error"}
{"clientVersion":"2.18.0","level":"error"}
{"clientVersion":"2.18.0","level":"error"}
{"clientVersion":"2.18.0","level":"error"}
{"clientVersion":"2.18.0","level":"error"}
{"clientVersion":"2.18.0","level":"error"}
{"clientVersion":"2.18.0","level":"error"}
{"clientVersion":"2.18.0","level":"error"}
{"clientVersion":"2.18.0","level":"error"}
{"clientVersion":"2.18.0","level":"error"}
{"code":"P2003","clientVersion":"2.18.0","meta":{"field_name":"fk_31 (index)"},"level":"error"}
{"clientVersion":"2.18.0","level":"error"}
{"clientVersion":"2.18.0","level":"error"}
{"clientVersion":"2.18.0","level":"error"}
{"clientVersion":"2.18.0","level":"error"}
{"clientVersion":"2.18.0","level":"error"}
{"message":"Postgres loading Error","level":"error"}
{"message":"Postgres loading Error","level":"error"}
{"message":"Postgres loading Error","level":"error"}
{"clientVersion":"2.18.0","level":"error"}
{"clientVersion":"2.18.0","level":"error"}
{"clientVersion":"2.18.0","level":"error"}
{"clientVersion":"2.18.0","level":"error"}
{"message":"Postgres loading Error","level":"error"}
{"message":"Postgres loading Error","level":"error"}
{"message":"Postgres loading Error","level":"error"}
{"clientVersion":"2.18.0","level":"error"}
{"clientVersion":"2.18.0","level":"error"}
{"message":"Postgres loading Error","level":"error"}
{"message":"Postgres loading Error","level":"error"}
{"message":"Postgres loading Error","level":"error"}
{"clientVersion":"2.18.0","level":"error"}
{"clientVersion":"2.18.0","level":"error"}
{"message":"Postgres loading Error","level":"error"}
{"message":"Postgres loading Error","level":"error"}
{"message":"Postgres loading Error","level":"error"}
{"message":"Postgres loading Error","level":"error"}
{"message":"Postgres loading Error","level":"error"}
{"message":"Postgres loading Error","level":"error"}
{"clientVersion":"2.18.0","level":"error"}
{"clientVersion":"2.18.0","level":"error"}
{"clientVersion":"2.18.0","level":"error"}
{"clientVersion":"2.18.0","level":"error"}
{"clientVersion":"2.18.0","level":"error"}
{"clientVersion":"2.18.0","level":"error"}
{"clientVersion":"2.18.0","level":"error"}
{"clientVersion":"2.18.0","level":"error"}
{"clientVersion":"2.18.0","level":"error"}
{"clientVersion":"2.18.0","level":"error"}
{"clientVersion":"2.18.0","level":"error"}
{"clientVersion":"2.18.0","level":"error"}
{"clientVersion":"2.18.0","level":"error"}
{"clientVersion":"2.18.0","level":"error"}
{"clientVersion":"2.18.0","level":"error"}
{"clientVersion":"2.18.0","level":"error"}
{"clientVersion":"2.18.0","level":"error"}
{"clientVersion":"2.18.0","level":"error"}
{"clientVersion":"2.18.0","level":"error"}
{"clientVersion":"2.18.0","level":"error"}
{"clientVersion":"2.18.0","level":"error"}
{"clientVersion":"2.18.0","level":"error"}
{"code":"P2003","clientVersion":"2.18.0","meta":{"field_name":"fk_31 (index)"},"level":"error"}
{"clientVersion":"2.18.0","level":"error"}
{"code":"P2003","clientVersion":"2.18.0","meta":{"field_name":"fk_31 (index)"},"level":"error"}
{"clientVersion":"2.18.0","level":"error"}
{"clientVersion":"2.18.0","level":"error"}
{"clientVersion":"2.18.0","level":"error"}
{"message":"Postgres loading Error","level":"error"}
{"message":"Postgres loading Error","level":"error"}
{"message":"Postgres loading Error","level":"error"}
{"clientVersion":"2.18.0","level":"error"}
{"clientVersion":"2.18.0","level":"error"}
{"clientVersion":"2.18.0","level":"error"}
{"clientVersion":"2.18.0","level":"error"}
{"clientVersion":"2.18.0","level":"error"}
{"clientVersion":"2.18.0","level":"error"}
{"code":"P2003","clientVersion":"2.18.0","meta":{"field_name":"fk_31 (index)"},"level":"error"}
{"code":"P2003","clientVersion":"2.18.0","meta":{"field_name":"fk_31 (index)"},"level":"error"}
{"clientVersion":"2.18.0","level":"error"}
{"clientVersion":"2.18.0","level":"error"}
{"clientVersion":"2.18.0","level":"error"}
{"clientVersion":"2.18.0","level":"error"}
{"clientVersion":"2.18.0","level":"error"}
{"clientVersion":"2.18.0","level":"error"}
{"clientVersion":"2.18.0","level":"error"}
{"clientVersion":"2.18.0","level":"error"}
{"code":"P2002","clientVersion":"2.18.0","meta":{"target":["email"]},"level":"error"}
{"clientVersion":"2.18.0","level":"error"}
{"clientVersion":"2.18.0","level":"error"}
{"clientVersion":"2.18.0","level":"error"}
{"clientVersion":"2.18.0","level":"error"}
{"code":"P2002","clientVersion":"2.18.0","meta":{"target":["email"]},"level":"error"}
{"clientVersion":"2.18.0","level":"error"}
{"clientVersion":"2.18.0","level":"error"}
{"clientVersion":"2.18.0","level":"error"}
{"code":"ERR_HTTP_HEADERS_SENT","level":"error"}
{"clientVersion":"2.18.0","level":"error"}
{"clientVersion":"2.18.0","level":"error"}
{"code":"ERR_HTTP_HEADERS_SENT","level":"error"}
{"clientVersion":"2.18.0","level":"error"}
{"clientVersion":"2.18.0","level":"error"}
{"code":"ERR_HTTP_HEADERS_SENT","level":"error"}
{"clientVersion":"2.18.0","level":"error"}
{"clientVersion":"2.18.0","level":"error"}
{"code":"ERR_HTTP_HEADERS_SENT","level":"error"}
{"clientVersion":"2.18.0","level":"error"}
{"clientVersion":"2.18.0","level":"error"}
{"code":"ERR_HTTP_HEADERS_SENT","level":"error"}
{"clientVersion":"2.18.0","level":"error"}
{"clientVersion":"2.18.0","level":"error"}
{"code":"ERR_HTTP_HEADERS_SENT","level":"error"}
{"clientVersion":"2.18.0","level":"error"}
{"clientVersion":"2.18.0","level":"error"}
{"code":"ERR_HTTP_HEADERS_SENT","level":"error"}
{"clientVersion":"2.18.0","level":"error"}
{"clientVersion":"2.18.0","level":"error"}
{"code":"ERR_HTTP_HEADERS_SENT","level":"error"}
{"clientVersion":"2.18.0","level":"error"}
{"clientVersion":"2.18.0","level":"error"}
{"clientVersion":"2.18.0","level":"error"}
{"clientVersion":"2.18.0","level":"error"}
{"code":"ERR_HTTP_HEADERS_SENT","level":"error"}
{"clientVersion":"2.18.0","level":"error"}
{"clientVersion":"2.18.0","level":"error"}
{"code":"ERR_HTTP_HEADERS_SENT","level":"error"}
{"clientVersion":"2.18.0","level":"error"}
{"clientVersion":"2.18.0","level":"error"}
{"code":"ERR_HTTP_HEADERS_SENT","level":"error"}
{"clientVersion":"2.18.0","level":"error"}
{"clientVersion":"2.18.0","level":"error"}
{"code":"ERR_HTTP_HEADERS_SENT","level":"error"}
{"code":"ERR_HTTP_HEADERS_SENT","level":"error"}
{"code":"ERR_HTTP_HEADERS_SENT","level":"error"}
{"clientVersion":"2.18.0","level":"error"}
{"clientVersion":"2.18.0","level":"error"}
{"code":"ERR_HTTP_HEADERS_SENT","level":"error"}
{"code":"ERR_HTTP_HEADERS_SENT","level":"error"}
{"clientVersion":"2.18.0","level":"error"}
{"clientVersion":"2.18.0","level":"error"}
{"code":"ERR_HTTP_HEADERS_SENT","level":"error"}
{"code":"ERR_HTTP_HEADERS_SENT","level":"error"}
{"clientVersion":"2.18.0","level":"error"}
{"clientVersion":"2.18.0","level":"error"}
{"code":"ERR_HTTP_HEADERS_SENT","level":"error"}
{"clientVersion":"2.18.0","level":"error"}
{"clientVersion":"2.18.0","level":"error"}
{"code":"ERR_HTTP_HEADERS_SENT","level":"error"}
{"clientVersion":"2.18.0","level":"error"}
{"clientVersion":"2.18.0","level":"error"}
{"code":"ERR_HTTP_HEADERS_SENT","level":"error"}
{"clientVersion":"2.18.0","level":"error"}
{"clientVersion":"2.18.0","level":"error"}
{"code":"ERR_HTTP_HEADERS_SENT","level":"error"}
{"clientVersion":"2.18.0","level":"error"}
{"clientVersion":"2.18.0","level":"error"}
{"code":"ERR_HTTP_HEADERS_SENT","level":"error"}
{"message":"Postgres loading Error","level":"error"}
{"message":"Postgres loading Error","level":"error"}
{"clientVersion":"2.18.0","level":"error"}
{"clientVersion":"2.18.0","level":"error"}
{"code":"ERR_HTTP_HEADERS_SENT","level":"error"}
{"clientVersion":"2.18.0","level":"error"}
{"message":"Postgres loading Error","level":"error"}
{"message":"Postgres loading Error","level":"error"}
{"message":"Postgres loading Error","level":"error"}
{"message":"Postgres loading Error","level":"error"}
{"clientVersion":"2.18.0","level":"error"}
{"clientVersion":"2.18.0","level":"error"}
{"message":"Postgres loading Error","level":"error"}
{"message":"Postgres loading Error","level":"error"}
{"message":"Postgres loading Error","level":"error"}
{"message":"Postgres loading Error","level":"error"}
{"message":"Postgres loading Error","level":"error"}
{"message":"Postgres loading Error","level":"error"}
{"message":"Postgres loading Error","level":"error"}
{"clientVersion":"2.18.0","level":"error"}
{"clientVersion":"2.18.0","level":"error"}
{"code":"ERR_HTTP_HEADERS_SENT","level":"error"}
{"code":"ERR_HTTP_HEADERS_SENT","level":"error"}
{"code":"ERR_HTTP_HEADERS_SENT","level":"error"}
{"clientVersion":"2.18.0","level":"error"}
{"clientVersion":"2.18.0","level":"error"}
{"code":"ERR_HTTP_HEADERS_SENT","level":"error"}
{"code":"ERR_HTTP_HEADERS_SENT","level":"error"}
{"clientVersion":"2.18.0","level":"error"}
{"clientVersion":"2.18.0","level":"error"}
{"code":"ERR_HTTP_HEADERS_SENT","level":"error"}
{"code":"ERR_HTTP_HEADERS_SENT","level":"error"}
{"clientVersion":"2.18.0","level":"error"}
{"clientVersion":"2.18.0","level":"error"}
{"code":"ERR_HTTP_HEADERS_SENT","level":"error"}
{"code":"ERR_HTTP_HEADERS_SENT","level":"error"}
{"clientVersion":"2.18.0","level":"error"}
{"clientVersion":"2.18.0","level":"error"}
{"code":"ERR_HTTP_HEADERS_SENT","level":"error"}
{"clientVersion":"2.18.0","level":"error"}
{"clientVersion":"2.18.0","level":"error"}
{"code":"ERR_HTTP_HEADERS_SENT","level":"error"}
{"code":"ERR_HTTP_HEADERS_SENT","level":"error"}
{"code":"ERR_HTTP_HEADERS_SENT","level":"error"}
{"clientVersion":"2.18.0","level":"error"}
{"clientVersion":"2.18.0","level":"error"}
{"code":"ERR_HTTP_HEADERS_SENT","level":"error"}
{"code":"ERR_HTTP_HEADERS_SENT","level":"error"}
{"clientVersion":"2.18.0","level":"error"}
{"clientVersion":"2.18.0","level":"error"}
{"code":"ERR_HTTP_HEADERS_SENT","level":"error"}
{"code":"ERR_HTTP_HEADERS_SENT","level":"error"}
{"clientVersion":"2.18.0","level":"error"}
{"clientVersion":"2.18.0","level":"error"}
{"code":"ERR_HTTP_HEADERS_SENT","level":"error"}
{"code":"ERR_HTTP_HEADERS_SENT","level":"error"}
{"clientVersion":"2.18.0","level":"error"}
{"clientVersion":"2.18.0","level":"error"}
{"code":"ERR_HTTP_HEADERS_SENT","level":"error"}
{"code":"ERR_HTTP_HEADERS_SENT","level":"error"}
{"clientVersion":"2.18.0","level":"error"}
{"clientVersion":"2.18.0","level":"error"}
{"code":"ERR_HTTP_HEADERS_SENT","level":"error"}
{"code":"ERR_HTTP_HEADERS_SENT","level":"error"}
{"clientVersion":"2.18.0","level":"error"}
{"clientVersion":"2.18.0","level":"error"}
{"code":"ERR_HTTP_HEADERS_SENT","level":"error"}
{"code":"ERR_HTTP_HEADERS_SENT","level":"error"}
{"clientVersion":"2.18.0","level":"error"}
{"clientVersion":"2.18.0","level":"error"}
{"code":"ERR_HTTP_HEADERS_SENT","level":"error"}
{"code":"ERR_HTTP_HEADERS_SENT","level":"error"}
{"clientVersion":"2.18.0","level":"error"}
{"clientVersion":"2.18.0","level":"error"}
{"code":"ERR_HTTP_HEADERS_SENT","level":"error"}
{"clientVersion":"2.18.0","level":"error"}
{"clientVersion":"2.18.0","level":"error"}
{"code":"ERR_HTTP_HEADERS_SENT","level":"error"}
{"code":"ERR_HTTP_HEADERS_SENT","level":"error"}
{"code":"ERR_HTTP_HEADERS_SENT","level":"error"}
{"clientVersion":"2.18.0","level":"error"}
{"clientVersion":"2.18.0","level":"error"}
{"code":"ERR_HTTP_HEADERS_SENT","level":"error"}
{"code":"ERR_HTTP_HEADERS_SENT","level":"error"}
{"clientVersion":"2.18.0","level":"error"}
{"clientVersion":"2.18.0","level":"error"}
{"code":"ERR_HTTP_HEADERS_SENT","level":"error"}
{"clientVersion":"2.18.0","level":"error"}
{"clientVersion":"2.18.0","level":"error"}
{"code":"ERR_HTTP_HEADERS_SENT","level":"error"}
{"clientVersion":"2.18.0","level":"error"}
{"clientVersion":"2.18.0","level":"error"}
{"code":"ERR_HTTP_HEADERS_SENT","level":"error"}
{"clientVersion":"2.18.0","level":"error"}
{"clientVersion":"2.18.0","level":"error"}
{"code":"ERR_HTTP_HEADERS_SENT","level":"error"}
{"clientVersion":"2.18.0","level":"error"}
{"clientVersion":"2.18.0","level":"error"}
{"code":"ERR_HTTP_HEADERS_SENT","level":"error"}
{"clientVersion":"2.18.0","level":"error"}
{"clientVersion":"2.18.0","level":"error"}
{"code":"ERR_HTTP_HEADERS_SENT","level":"error"}
{"code":"P2003","clientVersion":"2.18.0","meta":{"field_name":"fk_31 (index)"},"level":"error"}
{"code":"P2003","clientVersion":"2.18.0","meta":{"field_name":"fk_31 (index)"},"level":"error"}
{"code":"ERR_HTTP_HEADERS_SENT","level":"error"}
{"code":"P2025","clientVersion":"2.18.0","meta":{"cause":"Record to delete does not exist."},"level":"error"}
{"clientVersion":"2.18.0","level":"error"}
{"clientVersion":"2.18.0","level":"error"}
{"code":"ERR_HTTP_HEADERS_SENT","level":"error"}
{"clientVersion":"2.18.0","level":"error"}
{"clientVersion":"2.18.0","level":"error"}
{"code":"ERR_HTTP_HEADERS_SENT","level":"error"}
{"clientVersion":"2.18.0","level":"error"}
{"clientVersion":"2.18.0","level":"error"}
{"code":"ERR_HTTP_HEADERS_SENT","level":"error"}
{"clientVersion":"2.18.0","level":"error"}
{"clientVersion":"2.18.0","level":"error"}
{"code":"ERR_HTTP_HEADERS_SENT","level":"error"}
{"code":"ERR_HTTP_HEADERS_SENT","level":"error"}
{"code":"ERR_HTTP_HEADERS_SENT","level":"error"}
{"clientVersion":"2.18.0","level":"error"}
{"clientVersion":"2.18.0","level":"error"}
{"code":"ERR_HTTP_HEADERS_SENT","level":"error"}
{"clientVersion":"2.18.0","level":"error"}
{"clientVersion":"2.18.0","level":"error"}
{"code":"ERR_HTTP_HEADERS_SENT","level":"error"}
{"code":"ERR_HTTP_HEADERS_SENT","level":"error"}
{"clientVersion":"2.18.0","level":"error"}
{"clientVersion":"2.18.0","level":"error"}
{"code":"ERR_HTTP_HEADERS_SENT","level":"error"}
{"clientVersion":"2.18.0","level":"error"}
{"clientVersion":"2.18.0","level":"error"}
{"code":"ERR_HTTP_HEADERS_SENT","level":"error"}
{"code":"ERR_HTTP_HEADERS_SENT","level":"error"}
{"code":"ERR_HTTP_HEADERS_SENT","level":"error"}
{"code":"ERR_HTTP_HEADERS_SENT","level":"error"}
{"clientVersion":"2.18.0","level":"error"}
{"clientVersion":"2.18.0","level":"error"}
{"code":"ERR_HTTP_HEADERS_SENT","level":"error"}
{"clientVersion":"2.18.0","level":"error"}
{"clientVersion":"2.18.0","level":"error"}
{"code":"ERR_HTTP_HEADERS_SENT","level":"error"}
{"code":"ERR_HTTP_HEADERS_SENT","level":"error"}
{"clientVersion":"2.18.0","level":"error"}
{"clientVersion":"2.18.0","level":"error"}
{"code":"ERR_HTTP_HEADERS_SENT","level":"error"}
{"code":"ERR_HTTP_HEADERS_SENT","level":"error"}
{"clientVersion":"2.18.0","level":"error"}
{"clientVersion":"2.18.0","level":"error"}
{"code":"ERR_HTTP_HEADERS_SENT","level":"error"}
{"code":"ERR_HTTP_HEADERS_SENT","level":"error"}
{"clientVersion":"2.18.0","level":"error"}
{"clientVersion":"2.18.0","level":"error"}
{"code":"ERR_HTTP_HEADERS_SENT","level":"error"}
{"code":"ERR_HTTP_HEADERS_SENT","level":"error"}
{"clientVersion":"2.18.0","level":"error"}
{"clientVersion":"2.18.0","level":"error"}
{"code":"ERR_HTTP_HEADERS_SENT","level":"error"}
{"code":"ERR_HTTP_HEADERS_SENT","level":"error"}
{"clientVersion":"2.18.0","level":"error"}
{"clientVersion":"2.18.0","level":"error"}
{"code":"ERR_HTTP_HEADERS_SENT","level":"error"}
{"code":"ERR_HTTP_HEADERS_SENT","level":"error"}
{"clientVersion":"2.18.0","level":"error"}
{"clientVersion":"2.18.0","level":"error"}
{"code":"ERR_HTTP_HEADERS_SENT","level":"error"}
{"code":"ERR_HTTP_HEADERS_SENT","level":"error"}
{"clientVersion":"2.18.0","level":"error"}
{"clientVersion":"2.18.0","level":"error"}
{"code":"ERR_HTTP_HEADERS_SENT","level":"error"}
{"code":"P2003","clientVersion":"2.18.0","meta":{"field_name":"fk_31 (index)"},"level":"error"}
{"clientVersion":"2.18.0","level":"error"}
{"clientVersion":"2.18.0","level":"error"}
{"code":"ERR_HTTP_HEADERS_SENT","level":"error"}
{"code":"ERR_HTTP_HEADERS_SENT","level":"error"}
{"message":"Postgres loading Error","level":"error"}
{"message":"Postgres loading Error","level":"error"}
{"message":"Postgres loading Error","level":"error"}
{"message":"Postgres loading Error","level":"error"}
{"clientVersion":"2.18.0","level":"error"}
{"message":"Postgres loading Error","level":"error"}
{"code":"ERR_HTTP_HEADERS_SENT","level":"error"}
{"code":"ERR_HTTP_HEADERS_SENT","level":"error"}
{"code":"ERR_HTTP_HEADERS_SENT","level":"error"}
{"code":"ERR_HTTP_HEADERS_SENT","level":"error"}
{"code":"ERR_HTTP_HEADERS_SENT","level":"error"}
{"code":"ERR_HTTP_HEADERS_SENT","level":"error"}
{"code":"ERR_HTTP_HEADERS_SENT","level":"error"}
{"code":"ERR_HTTP_HEADERS_SENT","level":"error"}
{"code":"ERR_HTTP_HEADERS_SENT","level":"error"}
{"code":"ERR_HTTP_HEADERS_SENT","level":"error"}
{"code":"ERR_HTTP_HEADERS_SENT","level":"error"}
{"code":"ERR_HTTP_HEADERS_SENT","level":"error"}
{"code":"ERR_HTTP_HEADERS_SENT","level":"error"}
{"clientVersion":"2.18.0","level":"error"}
{"clientVersion":"2.18.0","level":"error"}
{"code":"ERR_HTTP_HEADERS_SENT","level":"error"}
{"clientVersion":"2.18.0","level":"error"}
{"clientVersion":"2.18.0","level":"error"}
{"clientVersion":"2.18.0","level":"error"}
{"clientVersion":"2.18.0","level":"error"}
{"code":"ERR_HTTP_HEADERS_SENT","level":"error"}
{"clientVersion":"2.18.0","level":"error"}
{"clientVersion":"2.18.0","level":"error"}
{"code":"ERR_HTTP_HEADERS_SENT","level":"error"}
{"clientVersion":"2.18.0","level":"error"}
{"code":"P2021","clientVersion":"2.18.0","meta":{"table":"public.users"},"level":"error"}
{"code":"P2021","clientVersion":"2.18.0","meta":{"table":"public.users"},"level":"error"}
{"code":"P2021","clientVersion":"2.18.0","meta":{"table":"public.user_account"},"level":"error"}
{"code":"P2021","clientVersion":"2.18.0","meta":{"table":"public.users"},"level":"error"}
{"code":"P2021","clientVersion":"2.18.0","meta":{"table":"public.users"},"level":"error"}
{"code":"P2021","clientVersion":"2.18.0","meta":{"table":"public.users"},"level":"error"}
{"clientVersion":"2.18.0","level":"error"}
{"clientVersion":"2.18.0","level":"error"}
{"clientVersion":"2.18.0","level":"error"}
{"clientVersion":"2.18.0","level":"error"}
{"clientVersion":"2.18.0","level":"error"}
{"clientVersion":"2.18.0","level":"error"}
{"clientVersion":"2.18.0","level":"error"}
{"clientVersion":"2.18.0","level":"error"}
{"clientVersion":"2.18.0","level":"error"}
{"clientVersion":"2.18.0","level":"error"}
{"clientVersion":"2.18.0","level":"error"}
{"clientVersion":"2.18.0","level":"error"}
{"clientVersion":"2.18.0","level":"error"}
{"clientVersion":"2.18.0","level":"error"}
{"clientVersion":"2.18.0","level":"error"}
{"clientVersion":"2.18.0","level":"error"}
{"clientVersion":"2.18.0","level":"error"}
{"clientVersion":"2.18.0","level":"error"}
{"clientVersion":"2.18.0","level":"error"}
{"code":"P2002","clientVersion":"2.18.0","meta":{"target":["email"]},"level":"error"}
{"clientVersion":"2.18.0","level":"error"}
{"clientVersion":"2.18.0","level":"error"}
{"clientVersion":"2.18.0","level":"error"}
{"clientVersion":"2.18.0","level":"error"}
{"clientVersion":"2.18.0","level":"error"}
{"clientVersion":"2.18.0","level":"error"}
{"clientVersion":"2.18.0","level":"error"}
{"clientVersion":"2.18.0","level":"error"}
{"clientVersion":"2.18.0","level":"error"}
{"clientVersion":"2.18.0","level":"error"}
{"clientVersion":"2.18.0","level":"error"}
{"clientVersion":"2.18.0","level":"error"}
{"clientVersion":"2.18.0","level":"error"}
{"clientVersion":"2.18.0","level":"error"}
{"clientVersion":"2.18.0","level":"error"}
{"clientVersion":"2.18.0","level":"error"}
{"code":"EADDRINUSE","errno":"EADDRINUSE","syscall":"listen","address":"::","port":3000,"level":"error"}
{"errno":"EAI_AGAIN","code":"EAI_AGAIN","syscall":"getaddrinfo","hostname":"api.mailgun.net","level":"error"}
{"statusCode":400,"level":"error"}
{"errno":"EAI_AGAIN","code":"EAI_AGAIN","syscall":"getaddrinfo","hostname":"api.mailgun.net","level":"error"}
{"errno":"EAI_AGAIN","code":"EAI_AGAIN","syscall":"getaddrinfo","hostname":"api.mailgun.net","level":"error"}
{"statusCode":400,"level":"error"}
{"message":"socket hang up","name":"Error","stack":"Error: socket hang up\n    at connResetException (internal/errors.js:609:14)\n    at TLSSocket.socketOnEnd (_http_client.js:459:23)\n    at TLSSocket.emit (events.js:326:22)\n    at TLSSocket.EventEmitter.emit (domain.js:483:12)\n    at endReadableNT (_stream_readable.js:1223:12)\n    at processTicksAndRejections (internal/process/task_queues.js:84:21)","config":{"url":"https://us18.api.mailchimp.com/","method":"get","headers":{"Accept":"application/json, text/plain, */*","Authorization":"Bearer \"43eb34114a122f671652e33497ea6dbf-us18\";","User-Agent":"axios/0.21.1"},"transformRequest":[null],"transformResponse":[null],"timeout":0,"xsrfCookieName":"XSRF-TOKEN","xsrfHeaderName":"X-XSRF-TOKEN","maxContentLength":-1,"maxBodyLength":-1},"code":"ECONNRESET"}
{"message":"read ECONNRESET","name":"Error","stack":"Error: read ECONNRESET\n    at TLSWrap.onStreamRead (internal/stream_base_commons.js:208:20)","config":{"url":"https://us18.api.mailchimp.com/","method":"get","headers":{"Accept":"application/json, text/plain, */*","Authorization":"Bearer \"43eb34114a122f671652e33497ea6dbf-us18\";","User-Agent":"axios/0.21.1"},"transformRequest":[null],"transformResponse":[null],"timeout":0,"xsrfCookieName":"XSRF-TOKEN","xsrfHeaderName":"X-XSRF-TOKEN","maxContentLength":-1,"maxBodyLength":-1},"code":"ECONNRESET"}
{"level":"error"}
